build/app/intermediates/manifest_merge_blame_file/debug/manifest-merger-blame-debug-report.txt
1<?xml version="1.0" encoding="utf-8"?>
2<manifest xmlns:android="http://schemas.android.com/apk/res/android"
3    package="com.signify.hue.reactivebleexample"
4    android:versionCode="1"
5    android:versionName="3.1.1" >
6
7    <uses-sdk
8        android:minSdkVersion="21"
8-->src/main/AndroidManifest.xml
9        android:targetSdkVersion="31" />
9-->src/main/AndroidManifest.xml
10
11    <!-- required for API 18 - 30 -->
12    <uses-permission
12-->src/main/AndroidManifest.xml:5:5-7:42
13        android:name="android.permission.BLUETOOTH"
13-->src/main/AndroidManifest.xml:6:13-56
14        android:maxSdkVersion="30" />
14-->src/main/AndroidManifest.xml:7:13-39
15    <uses-permission
15-->src/main/AndroidManifest.xml:8:5-10:42
16        android:name="android.permission.BLUETOOTH_ADMIN"
16-->src/main/AndroidManifest.xml:9:13-62
17        android:maxSdkVersion="30" />
17-->src/main/AndroidManifest.xml:10:13-39
18
19    <!-- required for API 23 - 30 -->
20    <uses-permission-sdk-23
20-->src/main/AndroidManifest.xml:13:5-15:42
21        android:name="android.permission.ACCESS_COARSE_LOCATION"
21-->src/main/AndroidManifest.xml:14:13-69
22        android:maxSdkVersion="30" />
22-->src/main/AndroidManifest.xml:15:13-39
23    <uses-permission-sdk-23
23-->src/main/AndroidManifest.xml:16:5-18:42
24        android:name="android.permission.ACCESS_FINE_LOCATION"
24-->src/main/AndroidManifest.xml:17:13-67
25        android:maxSdkVersion="30" />
25-->src/main/AndroidManifest.xml:18:13-39
26
27    <!-- API 31+ -->
28    <uses-permission android:name="android.permission.BLUETOOTH_CONNECT" />
28-->src/main/AndroidManifest.xml:21:5-76
28-->src/main/AndroidManifest.xml:21:22-73
29    <uses-permission
29-->src/main/AndroidManifest.xml:22:5-24:62
30        android:name="android.permission.BLUETOOTH_SCAN"
30-->src/main/AndroidManifest.xml:23:13-61
31        android:usesPermissionFlags="neverForLocation" />
31-->src/main/AndroidManifest.xml:24:13-59
32
33    <meta-data
33-->src/main/AndroidManifest.xml:45:5-47:29
34        android:name="flutterEmbedding"
34-->src/main/AndroidManifest.xml:46:9-40
35        android:value="2" />
35-->src/main/AndroidManifest.xml:47:9-26
36
37    <application
37-->src/main/AndroidManifest.xml:26:5-43:19
38        android:appComponentFactory="androidx.core.app.CoreComponentFactory"
38-->[androidx.core:core:1.1.0] AndroidManifest.xml:24:18-86
39        android:debuggable="true"
40        android:icon="@mipmap/ic_launcher"
40-->src/main/AndroidManifest.xml:28:9-43
41        android:label="flutter_reactive_ble_example" >
41-->src/main/AndroidManifest.xml:27:9-53
42        <activity
42-->src/main/AndroidManifest.xml:29:9-42:20
43            android:name="com.signify.hue.reactivebleexample.MainActivity"
43-->src/main/AndroidManifest.xml:30:13-75
44            android:configChanges="orientation|keyboardHidden|keyboard|screenSize|locale|layoutDirection|fontScale|screenLayout|density"
44-->src/main/AndroidManifest.xml:33:13-137
45            android:exported="true"
45-->src/main/AndroidManifest.xml:36:13-36
46            android:hardwareAccelerated="true"
46-->src/main/AndroidManifest.xml:34:13-47
47            android:launchMode="singleTop"
47-->src/main/AndroidManifest.xml:31:13-43
48            android:theme="@style/LaunchTheme"
48-->src/main/AndroidManifest.xml:32:13-47
49            android:windowSoftInputMode="adjustResize" >
49-->src/main/AndroidManifest.xml:35:13-55
50            <intent-filter>
50-->src/main/AndroidManifest.xml:38:13-41:29
51                <action android:name="android.intent.action.MAIN" />
51-->src/main/AndroidManifest.xml:39:17-68
51-->src/main/AndroidManifest.xml:39:25-66
52
53                <category android:name="android.intent.category.LAUNCHER" />
53-->src/main/AndroidManifest.xml:40:17-76
53-->src/main/AndroidManifest.xml:40:27-74
54            </intent-filter>
55        </activity>
56    </application>
57
58</manifest>